14 91 0
7 28 0
1 25 0
x
x
3 90 0
x
2 71 0
0 48 0
x
5 84 0
15 50 0
x
11 88 0
0 31 0
15 81 0
3 36 0
9 56 0
6 95 0
15 99 0
8 9 0
x
x
0 52 0
9 66 0
3 65 0
13 85 0
x
4 34 0
x
15 53 0
7 35 0
15 87 0
13 21 0
3 50 0
8 72 0
x
x
x
x
13 28 0
0 89 0
x
13 32 0
3 71 0
11 91 0
4 45 0
x
12 86 0
8 68 0
0 36 0
x
9 98 0
x
12 92 0
x
5 93 0
4 84 0
0 41 0
0 0 0
0 94 0
x
x
x
9 75 0
8 76 0
1 45 0
4 89 0
14 93 0
3 62 0
11 63 0
x
11 68 0
12 45 0
13 90 0
x
13 36 0
4 99 0
15 0 0
10 68 0
11 71 0
11 12 0
13 40 0
13 95 0
x
x
1 97 0
14 3 0
x
0 57 0
8 27 0
9 22 0
7 0 0
2 90 0
9 64 0
13 97 0
12 50 0
x
15 57 0
5 45 0
14 0 0
x
1 0 0
x
x
5 88 0
13 25 0
12 96 0
x
0 62 0
7 65 0
x
x
1 77 0
0 67 0
x
x
7 40 0
15 2 0
1 5 0
1 82 0
x
11 18 0
1 87 0
1 92 0
12 70 0
9 88 0
11 22 0
6 0 0
12 72 0
x
x
0 5 0
14 8 0
4 38 0
2 58 0
0 72 0
0 99 0
x
8 80 0
15 6 0
13 0 0
15 60 0
x
4 94 0
5 49 0
11 28 0
x
x
2 15 0
x
13 3 0
x
3 15 0
2 67 0
11 94 0
x
x
9 61 0
12 0 0
x
2 0 0
x
9 71 0
10 21 0
6 8 0
x
x
7 68 0
x
13 44 0
8 84 0
14 10 0
x
x
x
5 5 0
x
6 12 0
2 95 0
3 85 0
0 74 0
5 53 0
7 71 0
6 83 0
8 92 0
x
4 49 0
9 80 0
x
x
15 89 0
x
5 57 0
x
13 6 0
x
3 95 0
3 38 0
10 72 0
x
3 42 0
7 45 0
7 86 0
13 49 0
x
x
10 76 0
x
x
x
x
15 9 0
x
x
12 74 0
12 76 0
9 83 0
x
3 46 0
14 12 0
6 17 0
0 43 0
x
x
7 4 0
13 53 0
15 13 0
5 61 0
10 16 0
14 14 0
x
2 20 0
13 56 0
x
x
3 53 0
x
2 5 0
x
15 91 0
10 37 0
14 19 0
3 0 0
2 24 0
8 88 0
9 90 0
5 10 0
13 9 0
12 3 0
1 10 0
6 6 0
x
10 83 0
10 35 0
x
11 32 0
2 29 0
x
14 28 0
9 0 0
5 65 0
9 4 0
x
13 58 0
15 17 0
11 74 0
9 8 0
13 60 0
x
x
x
15 19 0
x
2 34 0
15 63 0
x
x
x
4 61 0
9 11 0
10 99 0
7 74 0
12 7 0
x
1 38 0
7 77 0
x
x
x
5 81 0
x
4 53 0
15 93 0
12 10 0
0 11 0
15 23 0
5 69 0
11 36 0
14 24 0
x
x
10 96 0
x
5 73 0
9 95 0
2 10 0
6 21 0
7 50 0
10 0 0
1 15 0
x
13 62 0
15 66 0
x
2 38 0
12 13 0
x
14 33 0
x
1 20 0
4 20 0
3 5 0
x
9 14 0
2 74 0
x
9 18 0
x
14 36 0
8 32 0
12 16 0
1 28 0
12 20 0
x
7 55 0
4 24 0
7 90 0
x
12 78 0
4 57 0
15 95 0
6 25 0
x
4 0 0
x
11 79 0
1 60 0
6 34 0
11 77 0
9 24 0
15 69 0
0 16 0
15 97 0
9 40 0
6 86 0
10 3 0
10 87 0
5 15 0
10 8 0
15 25 0
6 39 0
x
x
12 23 0
x
7 8 0
12 80 0
x
4 64 0
14 38 0
0 21 0
x
11 0 0
1 33 0
11 82 0
9 27 0
10 13 0
x
8 37 0
6 44 0
1 40 0
7 60 0
13 64 0
3 58 0
x
2 78 0
2 42 0
x
3 67 0
9 30 0
x
12 26 0
x
11 3 0
15 27 0
12 40 0
13 66 0
12 55 0
15 72 0
x
0 79 0
15 32 0
14 40 0
10 18 0
15 75 0
11 41 0
x
15 36 0
4 41 0
5 98 0
12 30 0
10 24 0
x
9 33 0
10 27 0
7 12 0
14 43 0
6 48 0
6 52 0
3 10 0
3 19 0
x
9 37 0
x
15 38 0
x
5 20 0
1 49 0
10 80 0
8 12 0
11 46 0
2 47 0
3 34 0
2 49 0
0 26 0
8 42 0
x
12 34 0
6 56 0
7 80 0
14 45 0
x
5 25 0
11 50 0
12 90 0
10 40 0
x
10 49 0
x
12 60 0
10 32 0
2 54 0
9 43 0
x
x
5 0 0
x
5 35 0
14 50 0
7 94 0
8 47 0
x
12 99 0
10 45 0
7 16 0
x
x
x
13 70 0
11 98 0
x
x
12 65 0
x
x
x
13 74 0
x
x
9 46 0
8 15 0
x
6 30 0
x
5 30 0
6 60 0
x
10 54 0
6 89 0
x
x
14 55 0
14 57 0
5 39 0
11 6 0
x
3 24 0
5 77 0
x
x
13 12 0
x
11 55 0
6 99 0
13 99 0
x
4 68 0
11 9 0
14 60 0
x
4 72 0
2 62 0
4 5 0
15 42 0
14 64 0
x
8 52 0
7 20 0
1 55 0
1 62 0
6 63 0
7 33 0
10 57 0
x
x
14 26 0
13 15 0
x
x
x
x
4 76 0
x
x
6 67 0
14 66 0
12 37 0
12 82 0
x
14 68 0
10 62 0
x
x
x
x
x
15 44 0
13 79 0
7 83 0
14 70 0
x
8 99 0
4 10 0
9 49 0
x
x
4 15 0
0 84 0
14 97 0
15 48 0
13 18 0
x
x
x
6 92 0
13 81 0
1 67 0
x
x
6 71 0
x
8 18 0
9 52 0
4 29 0
7 24 0
3 29 0
x
15 78 0
x
15 84 0
x
14 75 0
1 72 0
8 0 0
11 85 0
2 82 0
8 21 0
11 59 0
x
x
8 58 0
8 4 0
x
12 42 0
x
x
14 80 0
8 24 0
x
x
13 83 0
2 86 0
8 63 0
x
7 98 0
10 91 0
6 76 0
x
3 73 0
3 77 0
6 79 0
10 65 0
14 83 0
x
8 96 0
x
x
14 86 0
3 81 0
x
12 84 0
x
14 99 0
4 80 0